
*** Running vivado
    with args -log system_auto_pc_3.vds -m64 -product Vivado -mode batch -messageDb vivado.pb -notrace -source system_auto_pc_3.tcl


****** Vivado v2024.1 (64-bit)
  **** SW Build 5076996 on Wed May 22 18:36:09 MDT 2024
  **** IP Build 5075265 on Wed May 22 21:45:21 MDT 2024
  **** SharedData Build 5076995 on Wed May 22 18:29:18 MDT 2024
  **** Start of session at: Thu Jan 30 14:59:21 2025
    ** Copyright 1986-2022 Xilinx, Inc. All Rights Reserved.
    ** Copyright 2022-2024 Advanced Micro Devices, Inc. All Rights Reserved.

source system_auto_pc_3.tcl -notrace
create_project: Time (s): cpu = 00:00:06 ; elapsed = 00:00:07 . Memory (MB): peak = 1698.715 ; gain = 122.828 ; free physical = 12590 ; free virtual = 31027
INFO: [IP_Flow 19-6924] IPCACHE: Running cache check for IP inst: system_auto_pc_3
INFO: [IP_Flow 19-6922] IPCACHE: Exporting cached entry 3fa22b07f0aa4444 to dir: /home/asanche4/Master/nanoupv2025/genesys_2_2024_1/genesys2_basic.runs/system_auto_pc_3_synth_1
INFO: [IP_Flow 19-6928] IPCACHE: copied cached file /home/asanche4/Master/nanoupv2025/genesys_2_2024_1/genesys2_basic.cache/ip/2024.1/3/f/3fa22b07f0aa4444/system_auto_pc_0.dcp to /home/asanche4/Master/nanoupv2025/genesys_2_2024_1/genesys2_basic.runs/system_auto_pc_3_synth_1/system_auto_pc_3.dcp.
INFO: [IP_Flow 19-6928] IPCACHE: copied cached file /home/asanche4/Master/nanoupv2025/genesys_2_2024_1/genesys2_basic.cache/ip/2024.1/3/f/3fa22b07f0aa4444/system_auto_pc_0_stub.v to /home/asanche4/Master/nanoupv2025/genesys_2_2024_1/genesys2_basic.runs/system_auto_pc_3_synth_1/system_auto_pc_3_stub.v.
INFO: [IP_Flow 19-6928] IPCACHE: copied cached file /home/asanche4/Master/nanoupv2025/genesys_2_2024_1/genesys2_basic.cache/ip/2024.1/3/f/3fa22b07f0aa4444/system_auto_pc_0_stub.vhdl to /home/asanche4/Master/nanoupv2025/genesys_2_2024_1/genesys2_basic.runs/system_auto_pc_3_synth_1/system_auto_pc_3_stub.vhdl.
INFO: [IP_Flow 19-6928] IPCACHE: copied cached file /home/asanche4/Master/nanoupv2025/genesys_2_2024_1/genesys2_basic.cache/ip/2024.1/3/f/3fa22b07f0aa4444/system_auto_pc_0_sim_netlist.v to /home/asanche4/Master/nanoupv2025/genesys_2_2024_1/genesys2_basic.runs/system_auto_pc_3_synth_1/system_auto_pc_3_sim_netlist.v.
INFO: [IP_Flow 19-6928] IPCACHE: copied cached file /home/asanche4/Master/nanoupv2025/genesys_2_2024_1/genesys2_basic.cache/ip/2024.1/3/f/3fa22b07f0aa4444/system_auto_pc_0_sim_netlist.vhdl to /home/asanche4/Master/nanoupv2025/genesys_2_2024_1/genesys2_basic.runs/system_auto_pc_3_synth_1/system_auto_pc_3_sim_netlist.vhdl.
INFO: [IP_Flow 19-4838] Using cached IP synthesis design for IP system_auto_pc_3, cache-ID = 3fa22b07f0aa4444.
INFO: [Common 17-206] Exiting Vivado at Thu Jan 30 14:59:43 2025...
