#
# An unexpected error has occurred (11)
#
Stack:
/home/hyperk2/Xilinx/Vivado/2024.1/tps/lnx64/jre21.0.1_12/lib//server/libjvm.so(+0xe4f55c) [0x781f9724f55c]
/home/hyperk2/Xilinx/Vivado/2024.1/tps/lnx64/jre21.0.1_12/lib//server/libjvm.so(JVM_handle_linux_signal+0x23e) [0x781f9725002e]
/lib/x86_64-linux-gnu/libc.so.6(+0x42520) [0x781fdb242520]
/home/hyperk2/Xilinx/Vivado/2024.1/lib/lnx64.o/librdi_xicom_hw.so(+0x21392f) [0x781f9ac1392f]
/home/hyperk2/Xilinx/Vivado/2024.1/lib/lnx64.o/librdi_xicom_hw.so(XHWDevice::getRunControlProperty(std::__cxx11::basic_string<char, std::char_traits<char>, std::allocator<char> >)+0x57) [0x781f9ac0acb7]
/home/hyperk2/Xilinx/Vivado/2024.1/lib/lnx64.o/librdi_xicom_hw.so(XicomHWDebugInterface::downloadProgram(int, char*, bool, unsigned int)+0x369) [0x781f9acba439]
/home/hyperk2/Xilinx/Vivado/2024.1/lib/lnx64.o/librdi_xicom_hw.so(XicomHWXsdbInterfaceUtils::initHardware(char const*)+0xed4) [0x781f9acd2f24]
/home/hyperk2/Xilinx/Vivado/2024.1/lib/lnx64.o/librdi_xicom_hw.so(XHWZynqEmmcCfgMemEngine::initXMD()+0x18f) [0x781f9acaa2ef]
/home/hyperk2/Xilinx/Vivado/2024.1/lib/lnx64.o/librdi_xicom_hw.so(XHWZynqEmmcCfgMemEngine::initialize()+0xb8) [0x781f9acaa898]
/home/hyperk2/Xilinx/Vivado/2024.1/lib/lnx64.o/librdi_xicom_hw.so(XHWCfgMem::run(XHWDevice*, boost::signals2::slot<void (XHWProgramStatus const&, boost::shared_ptr<bool>), boost::function<void (XHWProgramStatus const&, boost::shared_ptr<bool>)> >)+0xa5c) [0x781f9abee3dc]
/home/hyperk2/Xilinx/Vivado/2024.1/lib/lnx64.o/librdi_xicom_hw.so(XHWDevice::programCfgMem(XHWCfgMem&)+0x196) [0x781f9ac065c6]
/home/hyperk2/Xilinx/Vivado/2024.1/lib/lnx64.o/librdi_labtools.so(LTDFeatures::LTDProgram::programCfgMem(LTDHWDevice*, LTDHWCfgMem*, HDGUIStatus*)+0x1b1) [0x781f9d8e2b51]
/home/hyperk2/Xilinx/Vivado/2024.1/lib/lnx64.o/librdi_labtools.so(LTDFeatures::programCfgMem(LTDHWDevice*, LTDHWCfgMem*, HDGUIStatus*, bool, bool, std::__cxx11::basic_string<char, std::char_traits<char>, std::allocator<char> >)+0x60) [0x781f9d8e8bc0]
/home/hyperk2/Xilinx/Vivado/2024.1/lib/lnx64.o/librdi_labtoolstasks.so(+0x9dfefc) [0x781f2bfdfefc]
/home/hyperk2/Xilinx/Vivado/2024.1/lib/lnx64.o/librdi_common.so(+0xd85d9f) [0x781fdcd85d9f]
/home/hyperk2/Xilinx/Vivado/2024.1/lib/lnx64.o/libtcl8.6.so(TclNRRunCallbacks+0x47) [0x781fdba84497]
/home/hyperk2/Xilinx/Vivado/2024.1/lib/lnx64.o/librdi_common.so(+0xd83693) [0x781fdcd83693]
/home/hyperk2/Xilinx/Vivado/2024.1/lib/lnx64.o/libtcl8.6.so(Tcl_ServiceEvent+0x7f) [0x781fdbb486df]
/home/hyperk2/Xilinx/Vivado/2024.1/lib/lnx64.o/libtcl8.6.so(Tcl_DoOneEvent+0x149) [0x781fdbb489f9]
/home/hyperk2/Xilinx/Vivado/2024.1/lib/lnx64.o/librdi_commontasks.so(+0x2bc9c7) [0x781fce8bc9c7]
/home/hyperk2/Xilinx/Vivado/2024.1/lib/lnx64.o/librdi_commontasks.so(+0x2c58fe) [0x781fce8c58fe]
/home/hyperk2/Xilinx/Vivado/2024.1/lib/lnx64.o/librdi_commontasks.so(+0x2c61df) [0x781fce8c61df]
/home/hyperk2/Xilinx/Vivado/2024.1/lib/lnx64.o/librdi_common.so(+0xd85d9f) [0x781fdcd85d9f]
/home/hyperk2/Xilinx/Vivado/2024.1/lib/lnx64.o/libtcl8.6.so(TclNRRunCallbacks+0x47) [0x781fdba84497]
/home/hyperk2/Xilinx/Vivado/2024.1/lib/lnx64.o/librdi_commonmain.so(+0xe6d2) [0x781fddf526d2]
/home/hyperk2/Xilinx/Vivado/2024.1/lib/lnx64.o/libtcl8.6.so(Tcl_MainEx+0x1a8) [0x781fdbb43038]
/home/hyperk2/Xilinx/Vivado/2024.1/lib/lnx64.o/librdi_common.so(+0xdaf42b) [0x781fdcdaf42b]
/lib/x86_64-linux-gnu/libc.so.6(+0x94ac3) [0x781fdb294ac3]
/lib/x86_64-linux-gnu/libc.so.6(+0x126850) [0x781fdb326850]
