
*** Running vivado
    with args -log system_auto_ds_1.vds -m64 -product Vivado -mode batch -messageDb vivado.pb -notrace -source system_auto_ds_1.tcl


****** Vivado v2024.1 (64-bit)
  **** SW Build 5076996 on Wed May 22 18:36:09 MDT 2024
  **** IP Build 5075265 on Wed May 22 21:45:21 MDT 2024
  **** SharedData Build 5076995 on Wed May 22 18:29:18 MDT 2024
  **** Start of session at: Thu Jan 30 13:49:39 2025
    ** Copyright 1986-2022 Xilinx, Inc. All Rights Reserved.
    ** Copyright 2022-2024 Advanced Micro Devices, Inc. All Rights Reserved.

source system_auto_ds_1.tcl -notrace
create_project: Time (s): cpu = 00:00:06 ; elapsed = 00:00:08 . Memory (MB): peak = 1699.094 ; gain = 59.828 ; free physical = 10958 ; free virtual = 30115
INFO: [IP_Flow 19-6924] IPCACHE: Running cache check for IP inst: system_auto_ds_1
INFO: [IP_Flow 19-6922] IPCACHE: Exporting cached entry 4bc18671ee062dd1 to dir: /home/asanche4/Master/nanoupv2025/genesys_2_2024_1/genesys2_basic.runs/system_auto_ds_1_synth_1
INFO: [IP_Flow 19-6928] IPCACHE: copied cached file /home/asanche4/Master/nanoupv2025/genesys_2_2024_1/genesys2_basic.cache/ip/2024.1/4/b/4bc18671ee062dd1/system_auto_ds_2.dcp to /home/asanche4/Master/nanoupv2025/genesys_2_2024_1/genesys2_basic.runs/system_auto_ds_1_synth_1/system_auto_ds_1.dcp.
INFO: [IP_Flow 19-6928] IPCACHE: copied cached file /home/asanche4/Master/nanoupv2025/genesys_2_2024_1/genesys2_basic.cache/ip/2024.1/4/b/4bc18671ee062dd1/system_auto_ds_2_stub.v to /home/asanche4/Master/nanoupv2025/genesys_2_2024_1/genesys2_basic.runs/system_auto_ds_1_synth_1/system_auto_ds_1_stub.v.
INFO: [IP_Flow 19-6928] IPCACHE: copied cached file /home/asanche4/Master/nanoupv2025/genesys_2_2024_1/genesys2_basic.cache/ip/2024.1/4/b/4bc18671ee062dd1/system_auto_ds_2_stub.vhdl to /home/asanche4/Master/nanoupv2025/genesys_2_2024_1/genesys2_basic.runs/system_auto_ds_1_synth_1/system_auto_ds_1_stub.vhdl.
INFO: [IP_Flow 19-6928] IPCACHE: copied cached file /home/asanche4/Master/nanoupv2025/genesys_2_2024_1/genesys2_basic.cache/ip/2024.1/4/b/4bc18671ee062dd1/system_auto_ds_2_sim_netlist.v to /home/asanche4/Master/nanoupv2025/genesys_2_2024_1/genesys2_basic.runs/system_auto_ds_1_synth_1/system_auto_ds_1_sim_netlist.v.
INFO: [IP_Flow 19-6928] IPCACHE: copied cached file /home/asanche4/Master/nanoupv2025/genesys_2_2024_1/genesys2_basic.cache/ip/2024.1/4/b/4bc18671ee062dd1/system_auto_ds_2_sim_netlist.vhdl to /home/asanche4/Master/nanoupv2025/genesys_2_2024_1/genesys2_basic.runs/system_auto_ds_1_synth_1/system_auto_ds_1_sim_netlist.vhdl.
INFO: [IP_Flow 19-4838] Using cached IP synthesis design for IP system_auto_ds_1, cache-ID = 4bc18671ee062dd1.
INFO: [Common 17-206] Exiting Vivado at Thu Jan 30 13:50:08 2025...

*** Running vivado
    with args -log system_auto_ds_1.vds -m64 -product Vivado -mode batch -messageDb vivado.pb -notrace -source system_auto_ds_1.tcl


****** Vivado v2024.1 (64-bit)
  **** SW Build 5076996 on Wed May 22 18:36:09 MDT 2024
  **** IP Build 5075265 on Wed May 22 21:45:21 MDT 2024
  **** SharedData Build 5076995 on Wed May 22 18:29:18 MDT 2024
  **** Start of session at: Thu Jan 30 14:59:06 2025
    ** Copyright 1986-2022 Xilinx, Inc. All Rights Reserved.
    ** Copyright 2022-2024 Advanced Micro Devices, Inc. All Rights Reserved.

source system_auto_ds_1.tcl -notrace
create_project: Time (s): cpu = 00:00:06 ; elapsed = 00:00:08 . Memory (MB): peak = 1698.711 ; gain = 121.828 ; free physical = 13693 ; free virtual = 32128
INFO: [IP_Flow 19-6924] IPCACHE: Running cache check for IP inst: system_auto_ds_1
INFO: [IP_Flow 19-6922] IPCACHE: Exporting cached entry a503ebd5629b4107 to dir: /home/asanche4/Master/nanoupv2025/genesys_2_2024_1/genesys2_basic.runs/system_auto_ds_1_synth_1
INFO: [IP_Flow 19-6928] IPCACHE: copied cached file /home/asanche4/Master/nanoupv2025/genesys_2_2024_1/genesys2_basic.cache/ip/2024.1/a/5/a503ebd5629b4107/system_auto_ds_5.dcp to /home/asanche4/Master/nanoupv2025/genesys_2_2024_1/genesys2_basic.runs/system_auto_ds_1_synth_1/system_auto_ds_1.dcp.
INFO: [IP_Flow 19-6928] IPCACHE: copied cached file /home/asanche4/Master/nanoupv2025/genesys_2_2024_1/genesys2_basic.cache/ip/2024.1/a/5/a503ebd5629b4107/system_auto_ds_5_stub.v to /home/asanche4/Master/nanoupv2025/genesys_2_2024_1/genesys2_basic.runs/system_auto_ds_1_synth_1/system_auto_ds_1_stub.v.
INFO: [IP_Flow 19-6928] IPCACHE: copied cached file /home/asanche4/Master/nanoupv2025/genesys_2_2024_1/genesys2_basic.cache/ip/2024.1/a/5/a503ebd5629b4107/system_auto_ds_5_stub.vhdl to /home/asanche4/Master/nanoupv2025/genesys_2_2024_1/genesys2_basic.runs/system_auto_ds_1_synth_1/system_auto_ds_1_stub.vhdl.
INFO: [IP_Flow 19-6928] IPCACHE: copied cached file /home/asanche4/Master/nanoupv2025/genesys_2_2024_1/genesys2_basic.cache/ip/2024.1/a/5/a503ebd5629b4107/system_auto_ds_5_sim_netlist.v to /home/asanche4/Master/nanoupv2025/genesys_2_2024_1/genesys2_basic.runs/system_auto_ds_1_synth_1/system_auto_ds_1_sim_netlist.v.
INFO: [IP_Flow 19-6928] IPCACHE: copied cached file /home/asanche4/Master/nanoupv2025/genesys_2_2024_1/genesys2_basic.cache/ip/2024.1/a/5/a503ebd5629b4107/system_auto_ds_5_sim_netlist.vhdl to /home/asanche4/Master/nanoupv2025/genesys_2_2024_1/genesys2_basic.runs/system_auto_ds_1_synth_1/system_auto_ds_1_sim_netlist.vhdl.
INFO: [IP_Flow 19-4838] Using cached IP synthesis design for IP system_auto_ds_1, cache-ID = a503ebd5629b4107.
INFO: [Common 17-206] Exiting Vivado at Thu Jan 30 14:59:25 2025...
