
*** Running vivado
    with args -log system_s02_mmu_0.vds -m64 -product Vivado -mode batch -messageDb vivado.pb -notrace -source system_s02_mmu_0.tcl


****** Vivado v2024.1 (64-bit)
  **** SW Build 5076996 on Wed May 22 18:36:09 MDT 2024
  **** IP Build 5075265 on Wed May 22 21:45:21 MDT 2024
  **** SharedData Build 5076995 on Wed May 22 18:29:18 MDT 2024
  **** Start of session at: Thu Jan 30 15:00:37 2025
    ** Copyright 1986-2022 Xilinx, Inc. All Rights Reserved.
    ** Copyright 2022-2024 Advanced Micro Devices, Inc. All Rights Reserved.

source system_s02_mmu_0.tcl -notrace
create_project: Time (s): cpu = 00:00:06 ; elapsed = 00:00:07 . Memory (MB): peak = 1701.031 ; gain = 58.797 ; free physical = 14523 ; free virtual = 32973
INFO: [IP_Flow 19-6924] IPCACHE: Running cache check for IP inst: system_s02_mmu_0
INFO: [IP_Flow 19-6922] IPCACHE: Exporting cached entry a2dbc0ac1aa8ae06 to dir: /home/asanche4/Master/nanoupv2025/genesys_2_2024_1/genesys2_basic.runs/system_s02_mmu_0_synth_1
INFO: [IP_Flow 19-6928] IPCACHE: copied cached file /home/asanche4/Master/nanoupv2025/genesys_2_2024_1/genesys2_basic.cache/ip/2024.1/a/2/a2dbc0ac1aa8ae06/system_s03_mmu_0.dcp to /home/asanche4/Master/nanoupv2025/genesys_2_2024_1/genesys2_basic.runs/system_s02_mmu_0_synth_1/system_s02_mmu_0.dcp.
INFO: [IP_Flow 19-6928] IPCACHE: copied cached file /home/asanche4/Master/nanoupv2025/genesys_2_2024_1/genesys2_basic.cache/ip/2024.1/a/2/a2dbc0ac1aa8ae06/system_s03_mmu_0_stub.v to /home/asanche4/Master/nanoupv2025/genesys_2_2024_1/genesys2_basic.runs/system_s02_mmu_0_synth_1/system_s02_mmu_0_stub.v.
INFO: [IP_Flow 19-6928] IPCACHE: copied cached file /home/asanche4/Master/nanoupv2025/genesys_2_2024_1/genesys2_basic.cache/ip/2024.1/a/2/a2dbc0ac1aa8ae06/system_s03_mmu_0_stub.vhdl to /home/asanche4/Master/nanoupv2025/genesys_2_2024_1/genesys2_basic.runs/system_s02_mmu_0_synth_1/system_s02_mmu_0_stub.vhdl.
INFO: [IP_Flow 19-6928] IPCACHE: copied cached file /home/asanche4/Master/nanoupv2025/genesys_2_2024_1/genesys2_basic.cache/ip/2024.1/a/2/a2dbc0ac1aa8ae06/system_s03_mmu_0_sim_netlist.v to /home/asanche4/Master/nanoupv2025/genesys_2_2024_1/genesys2_basic.runs/system_s02_mmu_0_synth_1/system_s02_mmu_0_sim_netlist.v.
INFO: [IP_Flow 19-6928] IPCACHE: copied cached file /home/asanche4/Master/nanoupv2025/genesys_2_2024_1/genesys2_basic.cache/ip/2024.1/a/2/a2dbc0ac1aa8ae06/system_s03_mmu_0_sim_netlist.vhdl to /home/asanche4/Master/nanoupv2025/genesys_2_2024_1/genesys2_basic.runs/system_s02_mmu_0_synth_1/system_s02_mmu_0_sim_netlist.vhdl.
INFO: [IP_Flow 19-4838] Using cached IP synthesis design for IP system_s02_mmu_0, cache-ID = a2dbc0ac1aa8ae06.
INFO: [Common 17-206] Exiting Vivado at Thu Jan 30 15:00:54 2025...
