
*** Running vivado
    with args -log system_dlmb_bram_if_cntlr_0.vds -m64 -product Vivado -mode batch -messageDb vivado.pb -notrace -source system_dlmb_bram_if_cntlr_0.tcl


****** Vivado v2024.1 (64-bit)
  **** SW Build 5076996 on Wed May 22 18:36:09 MDT 2024
  **** IP Build 5075265 on Wed May 22 21:45:21 MDT 2024
  **** SharedData Build 5076995 on Wed May 22 18:29:18 MDT 2024
  **** Start of session at: Thu Jan 30 13:44:49 2025
    ** Copyright 1986-2022 Xilinx, Inc. All Rights Reserved.
    ** Copyright 2022-2024 Advanced Micro Devices, Inc. All Rights Reserved.

source system_dlmb_bram_if_cntlr_0.tcl -notrace
create_project: Time (s): cpu = 00:00:06 ; elapsed = 00:00:08 . Memory (MB): peak = 1698.867 ; gain = 146.797 ; free physical = 7892 ; free virtual = 33469
INFO: [IP_Flow 19-6924] IPCACHE: Running cache check for IP inst: system_dlmb_bram_if_cntlr_0
Command: synth_design -top system_dlmb_bram_if_cntlr_0 -part xc7k325tffg900-2 -incremental_mode off -mode out_of_context
Starting synth_design
Attempting to get a license for feature 'Synthesis' and/or device 'xc7k325t'
INFO: [Common 17-349] Got license for feature 'Synthesis' and/or device 'xc7k325t'
INFO: [Common 17-1540] The version limit for your license is '2024.06' and has expired for new software. A version limit expiration means that, although you may be able to continue to use the current version of tools or IP with this license, you will not be eligible for new releases.
INFO: [Device 21-403] Loading part xc7k325tffg900-2
INFO: [Device 21-9227] Part: xc7k325tffg900-2 does not have CEAM library.
INFO: [Synth 8-7079] Multithreading enabled for synth_design using a maximum of 4 processes.
INFO: [Synth 8-7078] Launching helper process for spawning children vivado processes
INFO: [Synth 8-7075] Helper process launched with PID 1502926
---------------------------------------------------------------------------------
Starting RTL Elaboration : Time (s): cpu = 00:00:04 ; elapsed = 00:00:07 . Memory (MB): peak = 2535.223 ; gain = 419.715 ; free physical = 1962 ; free virtual = 27549
---------------------------------------------------------------------------------
INFO: [Synth 8-638] synthesizing module 'system_dlmb_bram_if_cntlr_0' [/home/asanche4/Master/nanoupv2025/genesys_2_2024_1/genesys2_basic.gen/sources_1/bd/system/ip/system_dlmb_bram_if_cntlr_0/synth/system_dlmb_bram_if_cntlr_0.vhd:84]
	Parameter C_FAMILY bound to: kintex7 - type: string 
	Parameter C_HIGHADDR bound to: 64'b0000000000000000000000000000000000000000000000001111111111111111 
	Parameter C_BASEADDR bound to: 64'b0000000000000000000000000000000000000000000000000000000000000000 
	Parameter C_NUM_LMB bound to: 1 - type: integer 
	Parameter C_MASK bound to: 64'b0000000000000000000000000000000011000000000000000000000000000000 
	Parameter C_MASK1 bound to: 64'b0000000000000000000000000000000000000000100000000000000000000000 
	Parameter C_MASK2 bound to: 64'b0000000000000000000000000000000000000000100000000000000000000000 
	Parameter C_MASK3 bound to: 64'b0000000000000000000000000000000000000000100000000000000000000000 
	Parameter C_MASK4 bound to: 64'b0000000000000000000000000000000000000000100000000000000000000000 
	Parameter C_MASK5 bound to: 64'b0000000000000000000000000000000000000000100000000000000000000000 
	Parameter C_MASK6 bound to: 64'b0000000000000000000000000000000000000000100000000000000000000000 
	Parameter C_MASK7 bound to: 64'b0000000000000000000000000000000000000000100000000000000000000000 
	Parameter C_LMB_AWIDTH bound to: 32 - type: integer 
	Parameter C_LMB_DWIDTH bound to: 32 - type: integer 
	Parameter C_LMB_PROTOCOL bound to: 0 - type: integer 
	Parameter C_ARBITRATION bound to: 0 - type: integer 
	Parameter C_ECC bound to: 0 - type: integer 
	Parameter C_INTERCONNECT bound to: 0 - type: integer 
	Parameter C_FAULT_INJECT bound to: 0 - type: integer 
	Parameter C_CE_FAILING_REGISTERS bound to: 0 - type: integer 
	Parameter C_UE_FAILING_REGISTERS bound to: 0 - type: integer 
	Parameter C_ECC_STATUS_REGISTERS bound to: 0 - type: integer 
	Parameter C_ECC_ONOFF_REGISTER bound to: 0 - type: integer 
	Parameter C_ECC_ONOFF_RESET_VALUE bound to: 1 - type: integer 
	Parameter C_CE_COUNTER_WIDTH bound to: 0 - type: integer 
	Parameter C_WRITE_ACCESS bound to: 2 - type: integer 
	Parameter C_BRAM_AWIDTH bound to: 32 - type: integer 
	Parameter C_S_AXI_CTRL_ADDR_WIDTH bound to: 32 - type: integer 
	Parameter C_S_AXI_CTRL_DATA_WIDTH bound to: 32 - type: integer 
INFO: [Synth 8-3491] module 'lmb_bram_if_cntlr' declared at '/home/asanche4/Master/nanoupv2025/genesys_2_2024_1/genesys2_basic.gen/sources_1/bd/system/ipshared/3eb2/hdl/lmb_bram_if_cntlr_v4_0_vh_rfs.vhd:5037' bound to instance 'U0' of component 'lmb_bram_if_cntlr' [/home/asanche4/Master/nanoupv2025/genesys_2_2024_1/genesys2_basic.gen/sources_1/bd/system/ip/system_dlmb_bram_if_cntlr_0/synth/system_dlmb_bram_if_cntlr_0.vhd:275]
INFO: [Synth 8-638] synthesizing module 'lmb_bram_if_cntlr' [/home/asanche4/Master/nanoupv2025/genesys_2_2024_1/genesys2_basic.gen/sources_1/bd/system/ipshared/3eb2/hdl/lmb_bram_if_cntlr_v4_0_vh_rfs.vhd:5219]
	Parameter C_TARGET bound to: 1 - type: integer 
	Parameter C_BASEADDR bound to: 64'b0000000000000000000000000000000000000000000000000000000000000000 
	Parameter C_MASK bound to: 64'b0000000000000000000000000000000011000000000000000000000000000000 
	Parameter C_MASK1 bound to: 64'b0000000000000000000000000000000000000000100000000000000000000000 
	Parameter C_MASK2 bound to: 64'b0000000000000000000000000000000000000000100000000000000000000000 
	Parameter C_MASK3 bound to: 64'b0000000000000000000000000000000000000000100000000000000000000000 
	Parameter C_MASK4 bound to: 64'b0000000000000000000000000000000000000000100000000000000000000000 
	Parameter C_MASK5 bound to: 64'b0000000000000000000000000000000000000000100000000000000000000000 
	Parameter C_MASK6 bound to: 64'b0000000000000000000000000000000000000000100000000000000000000000 
	Parameter C_MASK7 bound to: 64'b0000000000000000000000000000000000000000100000000000000000000000 
	Parameter C_LMB_AWIDTH bound to: 32 - type: integer 
	Parameter C_LMB_DWIDTH bound to: 32 - type: integer 
	Parameter C_ECC_WIDTH bound to: 7 - type: integer 
	Parameter C_ECC bound to: 0 - type: integer 
	Parameter C_NUM_LMB bound to: 1 - type: integer 
	Parameter C_LMB_PROTOCOL bound to: 0 - type: integer 
	Parameter C_ARBITRATION bound to: 0 - type: integer 
INFO: [Synth 8-3491] module 'lmb_mux' declared at '/home/asanche4/Master/nanoupv2025/genesys_2_2024_1/genesys2_basic.gen/sources_1/bd/system/ipshared/3eb2/hdl/lmb_bram_if_cntlr_v4_0_vh_rfs.vhd:4143' bound to instance 'lmb_mux_I' of component 'lmb_mux' [/home/asanche4/Master/nanoupv2025/genesys_2_2024_1/genesys2_basic.gen/sources_1/bd/system/ipshared/3eb2/hdl/lmb_bram_if_cntlr_v4_0_vh_rfs.vhd:5545]
INFO: [Synth 8-638] synthesizing module 'lmb_mux' [/home/asanche4/Master/nanoupv2025/genesys_2_2024_1/genesys2_basic.gen/sources_1/bd/system/ipshared/3eb2/hdl/lmb_bram_if_cntlr_v4_0_vh_rfs.vhd:4288]
	Parameter C_AW bound to: 32 - type: integer 
	Parameter C_BAR bound to: 64'b0000000000000000000000000000000000000000000000000000000000000000 
	Parameter C_MASK bound to: 64'b0000000000000000000000000000000011000000000000000000000000000000 
INFO: [Synth 8-3491] module 'pselect_mask' declared at '/home/asanche4/Master/nanoupv2025/genesys_2_2024_1/genesys2_basic.gen/sources_1/bd/system/ipshared/3eb2/hdl/lmb_bram_if_cntlr_v4_0_vh_rfs.vhd:3467' bound to instance 'pselect_mask_lmb' of component 'pselect_mask' [/home/asanche4/Master/nanoupv2025/genesys_2_2024_1/genesys2_basic.gen/sources_1/bd/system/ipshared/3eb2/hdl/lmb_bram_if_cntlr_v4_0_vh_rfs.vhd:4401]
INFO: [Synth 8-638] synthesizing module 'pselect_mask' [/home/asanche4/Master/nanoupv2025/genesys_2_2024_1/genesys2_basic.gen/sources_1/bd/system/ipshared/3eb2/hdl/lmb_bram_if_cntlr_v4_0_vh_rfs.vhd:3482]
INFO: [Synth 8-256] done synthesizing module 'pselect_mask' (0#1) [/home/asanche4/Master/nanoupv2025/genesys_2_2024_1/genesys2_basic.gen/sources_1/bd/system/ipshared/3eb2/hdl/lmb_bram_if_cntlr_v4_0_vh_rfs.vhd:3482]
INFO: [Synth 8-256] done synthesizing module 'lmb_mux' (0#1) [/home/asanche4/Master/nanoupv2025/genesys_2_2024_1/genesys2_basic.gen/sources_1/bd/system/ipshared/3eb2/hdl/lmb_bram_if_cntlr_v4_0_vh_rfs.vhd:4288]
INFO: [Synth 8-256] done synthesizing module 'lmb_bram_if_cntlr' (0#1) [/home/asanche4/Master/nanoupv2025/genesys_2_2024_1/genesys2_basic.gen/sources_1/bd/system/ipshared/3eb2/hdl/lmb_bram_if_cntlr_v4_0_vh_rfs.vhd:5219]
INFO: [Synth 8-256] done synthesizing module 'system_dlmb_bram_if_cntlr_0' (0#1) [/home/asanche4/Master/nanoupv2025/genesys_2_2024_1/genesys2_basic.gen/sources_1/bd/system/ip/system_dlmb_bram_if_cntlr_0/synth/system_dlmb_bram_if_cntlr_0.vhd:84]
WARNING: [Synth 8-7129] Port A[2] in module pselect_mask is either unconnected or has no load
WARNING: [Synth 8-7129] Port A[3] in module pselect_mask is either unconnected or has no load
WARNING: [Synth 8-7129] Port A[4] in module pselect_mask is either unconnected or has no load
WARNING: [Synth 8-7129] Port A[5] in module pselect_mask is either unconnected or has no load
WARNING: [Synth 8-7129] Port A[6] in module pselect_mask is either unconnected or has no load
WARNING: [Synth 8-7129] Port A[7] in module pselect_mask is either unconnected or has no load
WARNING: [Synth 8-7129] Port A[8] in module pselect_mask is either unconnected or has no load
WARNING: [Synth 8-7129] Port A[9] in module pselect_mask is either unconnected or has no load
WARNING: [Synth 8-7129] Port A[10] in module pselect_mask is either unconnected or has no load
WARNING: [Synth 8-7129] Port A[11] in module pselect_mask is either unconnected or has no load
WARNING: [Synth 8-7129] Port A[12] in module pselect_mask is either unconnected or has no load
WARNING: [Synth 8-7129] Port A[13] in module pselect_mask is either unconnected or has no load
WARNING: [Synth 8-7129] Port A[14] in module pselect_mask is either unconnected or has no load
WARNING: [Synth 8-7129] Port A[15] in module pselect_mask is either unconnected or has no load
WARNING: [Synth 8-7129] Port A[16] in module pselect_mask is either unconnected or has no load
WARNING: [Synth 8-7129] Port A[17] in module pselect_mask is either unconnected or has no load
WARNING: [Synth 8-7129] Port A[18] in module pselect_mask is either unconnected or has no load
WARNING: [Synth 8-7129] Port A[19] in module pselect_mask is either unconnected or has no load
WARNING: [Synth 8-7129] Port A[20] in module pselect_mask is either unconnected or has no load
WARNING: [Synth 8-7129] Port A[21] in module pselect_mask is either unconnected or has no load
WARNING: [Synth 8-7129] Port A[22] in module pselect_mask is either unconnected or has no load
WARNING: [Synth 8-7129] Port A[23] in module pselect_mask is either unconnected or has no load
WARNING: [Synth 8-7129] Port A[24] in module pselect_mask is either unconnected or has no load
WARNING: [Synth 8-7129] Port A[25] in module pselect_mask is either unconnected or has no load
WARNING: [Synth 8-7129] Port A[26] in module pselect_mask is either unconnected or has no load
WARNING: [Synth 8-7129] Port A[27] in module pselect_mask is either unconnected or has no load
WARNING: [Synth 8-7129] Port A[28] in module pselect_mask is either unconnected or has no load
WARNING: [Synth 8-7129] Port A[29] in module pselect_mask is either unconnected or has no load
WARNING: [Synth 8-7129] Port A[30] in module pselect_mask is either unconnected or has no load
WARNING: [Synth 8-7129] Port A[31] in module pselect_mask is either unconnected or has no load
WARNING: [Synth 8-7129] Port LMB_Clk in module lmb_mux is either unconnected or has no load
WARNING: [Synth 8-7129] Port LMB_Rst in module lmb_mux is either unconnected or has no load
WARNING: [Synth 8-7129] Port LMB1_ABus[0] in module lmb_mux is either unconnected or has no load
WARNING: [Synth 8-7129] Port LMB1_ABus[1] in module lmb_mux is either unconnected or has no load
WARNING: [Synth 8-7129] Port LMB1_ABus[2] in module lmb_mux is either unconnected or has no load
WARNING: [Synth 8-7129] Port LMB1_ABus[3] in module lmb_mux is either unconnected or has no load
WARNING: [Synth 8-7129] Port LMB1_ABus[4] in module lmb_mux is either unconnected or has no load
WARNING: [Synth 8-7129] Port LMB1_ABus[5] in module lmb_mux is either unconnected or has no load
WARNING: [Synth 8-7129] Port LMB1_ABus[6] in module lmb_mux is either unconnected or has no load
WARNING: [Synth 8-7129] Port LMB1_ABus[7] in module lmb_mux is either unconnected or has no load
WARNING: [Synth 8-7129] Port LMB1_ABus[8] in module lmb_mux is either unconnected or has no load
WARNING: [Synth 8-7129] Port LMB1_ABus[9] in module lmb_mux is either unconnected or has no load
WARNING: [Synth 8-7129] Port LMB1_ABus[10] in module lmb_mux is either unconnected or has no load
WARNING: [Synth 8-7129] Port LMB1_ABus[11] in module lmb_mux is either unconnected or has no load
WARNING: [Synth 8-7129] Port LMB1_ABus[12] in module lmb_mux is either unconnected or has no load
WARNING: [Synth 8-7129] Port LMB1_ABus[13] in module lmb_mux is either unconnected or has no load
WARNING: [Synth 8-7129] Port LMB1_ABus[14] in module lmb_mux is either unconnected or has no load
WARNING: [Synth 8-7129] Port LMB1_ABus[15] in module lmb_mux is either unconnected or has no load
WARNING: [Synth 8-7129] Port LMB1_ABus[16] in module lmb_mux is either unconnected or has no load
WARNING: [Synth 8-7129] Port LMB1_ABus[17] in module lmb_mux is either unconnected or has no load
WARNING: [Synth 8-7129] Port LMB1_ABus[18] in module lmb_mux is either unconnected or has no load
WARNING: [Synth 8-7129] Port LMB1_ABus[19] in module lmb_mux is either unconnected or has no load
WARNING: [Synth 8-7129] Port LMB1_ABus[20] in module lmb_mux is either unconnected or has no load
WARNING: [Synth 8-7129] Port LMB1_ABus[21] in module lmb_mux is either unconnected or has no load
WARNING: [Synth 8-7129] Port LMB1_ABus[22] in module lmb_mux is either unconnected or has no load
WARNING: [Synth 8-7129] Port LMB1_ABus[23] in module lmb_mux is either unconnected or has no load
WARNING: [Synth 8-7129] Port LMB1_ABus[24] in module lmb_mux is either unconnected or has no load
WARNING: [Synth 8-7129] Port LMB1_ABus[25] in module lmb_mux is either unconnected or has no load
WARNING: [Synth 8-7129] Port LMB1_ABus[26] in module lmb_mux is either unconnected or has no load
WARNING: [Synth 8-7129] Port LMB1_ABus[27] in module lmb_mux is either unconnected or has no load
WARNING: [Synth 8-7129] Port LMB1_ABus[28] in module lmb_mux is either unconnected or has no load
WARNING: [Synth 8-7129] Port LMB1_ABus[29] in module lmb_mux is either unconnected or has no load
WARNING: [Synth 8-7129] Port LMB1_ABus[30] in module lmb_mux is either unconnected or has no load
WARNING: [Synth 8-7129] Port LMB1_ABus[31] in module lmb_mux is either unconnected or has no load
WARNING: [Synth 8-7129] Port LMB1_WriteDBus[0] in module lmb_mux is either unconnected or has no load
WARNING: [Synth 8-7129] Port LMB1_WriteDBus[1] in module lmb_mux is either unconnected or has no load
WARNING: [Synth 8-7129] Port LMB1_WriteDBus[2] in module lmb_mux is either unconnected or has no load
WARNING: [Synth 8-7129] Port LMB1_WriteDBus[3] in module lmb_mux is either unconnected or has no load
WARNING: [Synth 8-7129] Port LMB1_WriteDBus[4] in module lmb_mux is either unconnected or has no load
WARNING: [Synth 8-7129] Port LMB1_WriteDBus[5] in module lmb_mux is either unconnected or has no load
WARNING: [Synth 8-7129] Port LMB1_WriteDBus[6] in module lmb_mux is either unconnected or has no load
WARNING: [Synth 8-7129] Port LMB1_WriteDBus[7] in module lmb_mux is either unconnected or has no load
WARNING: [Synth 8-7129] Port LMB1_WriteDBus[8] in module lmb_mux is either unconnected or has no load
WARNING: [Synth 8-7129] Port LMB1_WriteDBus[9] in module lmb_mux is either unconnected or has no load
WARNING: [Synth 8-7129] Port LMB1_WriteDBus[10] in module lmb_mux is either unconnected or has no load
WARNING: [Synth 8-7129] Port LMB1_WriteDBus[11] in module lmb_mux is either unconnected or has no load
WARNING: [Synth 8-7129] Port LMB1_WriteDBus[12] in module lmb_mux is either unconnected or has no load
WARNING: [Synth 8-7129] Port LMB1_WriteDBus[13] in module lmb_mux is either unconnected or has no load
WARNING: [Synth 8-7129] Port LMB1_WriteDBus[14] in module lmb_mux is either unconnected or has no load
WARNING: [Synth 8-7129] Port LMB1_WriteDBus[15] in module lmb_mux is either unconnected or has no load
WARNING: [Synth 8-7129] Port LMB1_WriteDBus[16] in module lmb_mux is either unconnected or has no load
WARNING: [Synth 8-7129] Port LMB1_WriteDBus[17] in module lmb_mux is either unconnected or has no load
WARNING: [Synth 8-7129] Port LMB1_WriteDBus[18] in module lmb_mux is either unconnected or has no load
WARNING: [Synth 8-7129] Port LMB1_WriteDBus[19] in module lmb_mux is either unconnected or has no load
WARNING: [Synth 8-7129] Port LMB1_WriteDBus[20] in module lmb_mux is either unconnected or has no load
WARNING: [Synth 8-7129] Port LMB1_WriteDBus[21] in module lmb_mux is either unconnected or has no load
WARNING: [Synth 8-7129] Port LMB1_WriteDBus[22] in module lmb_mux is either unconnected or has no load
WARNING: [Synth 8-7129] Port LMB1_WriteDBus[23] in module lmb_mux is either unconnected or has no load
WARNING: [Synth 8-7129] Port LMB1_WriteDBus[24] in module lmb_mux is either unconnected or has no load
WARNING: [Synth 8-7129] Port LMB1_WriteDBus[25] in module lmb_mux is either unconnected or has no load
WARNING: [Synth 8-7129] Port LMB1_WriteDBus[26] in module lmb_mux is either unconnected or has no load
WARNING: [Synth 8-7129] Port LMB1_WriteDBus[27] in module lmb_mux is either unconnected or has no load
WARNING: [Synth 8-7129] Port LMB1_WriteDBus[28] in module lmb_mux is either unconnected or has no load
WARNING: [Synth 8-7129] Port LMB1_WriteDBus[29] in module lmb_mux is either unconnected or has no load
WARNING: [Synth 8-7129] Port LMB1_WriteDBus[30] in module lmb_mux is either unconnected or has no load
WARNING: [Synth 8-7129] Port LMB1_WriteDBus[31] in module lmb_mux is either unconnected or has no load
WARNING: [Synth 8-7129] Port LMB1_AddrStrobe in module lmb_mux is either unconnected or has no load
WARNING: [Synth 8-7129] Port LMB1_ReadStrobe in module lmb_mux is either unconnected or has no load
WARNING: [Synth 8-7129] Port LMB1_WriteStrobe in module lmb_mux is either unconnected or has no load
WARNING: [Synth 8-7129] Port LMB1_BE[0] in module lmb_mux is either unconnected or has no load
INFO: [Common 17-14] Message 'Synth 8-7129' appears 100 times and further instances of the messages will be disabled. Use the Tcl command set_msg_config to change the current settings.
---------------------------------------------------------------------------------
Finished RTL Elaboration : Time (s): cpu = 00:00:05 ; elapsed = 00:00:10 . Memory (MB): peak = 2618.191 ; gain = 502.684 ; free physical = 767 ; free virtual = 26375
---------------------------------------------------------------------------------
---------------------------------------------------------------------------------
Start Handling Custom Attributes
---------------------------------------------------------------------------------
---------------------------------------------------------------------------------
Finished Handling Custom Attributes : Time (s): cpu = 00:00:05 ; elapsed = 00:00:10 . Memory (MB): peak = 2633.035 ; gain = 517.527 ; free physical = 703 ; free virtual = 26313
---------------------------------------------------------------------------------
---------------------------------------------------------------------------------
Finished RTL Optimization Phase 1 : Time (s): cpu = 00:00:05 ; elapsed = 00:00:10 . Memory (MB): peak = 2633.035 ; gain = 517.527 ; free physical = 703 ; free virtual = 26313
---------------------------------------------------------------------------------
Netlist sorting complete. Time (s): cpu = 00:00:00.01 ; elapsed = 00:00:00 . Memory (MB): peak = 2633.035 ; gain = 0.000 ; free physical = 695 ; free virtual = 26305
INFO: [Project 1-570] Preparing netlist for logic optimization

Processing XDC Constraints
Initializing timing engine
Parsing XDC File [/home/asanche4/Master/nanoupv2025/genesys_2_2024_1/genesys2_basic.gen/sources_1/bd/system/ip/system_dlmb_bram_if_cntlr_0/system_dlmb_bram_if_cntlr_0_ooc.xdc] for cell 'U0'
Finished Parsing XDC File [/home/asanche4/Master/nanoupv2025/genesys_2_2024_1/genesys2_basic.gen/sources_1/bd/system/ip/system_dlmb_bram_if_cntlr_0/system_dlmb_bram_if_cntlr_0_ooc.xdc] for cell 'U0'
Parsing XDC File [/home/asanche4/Master/nanoupv2025/genesys_2_2024_1/genesys2_basic.runs/system_dlmb_bram_if_cntlr_0_synth_1/dont_touch.xdc]
Finished Parsing XDC File [/home/asanche4/Master/nanoupv2025/genesys_2_2024_1/genesys2_basic.runs/system_dlmb_bram_if_cntlr_0_synth_1/dont_touch.xdc]
Completed Processing XDC Constraints

Netlist sorting complete. Time (s): cpu = 00:00:00 ; elapsed = 00:00:00 . Memory (MB): peak = 2761.793 ; gain = 0.000 ; free physical = 351 ; free virtual = 25973
INFO: [Project 1-111] Unisim Transformation Summary:
No Unisim elements were transformed.

Constraint Validation Runtime : Time (s): cpu = 00:00:00.02 ; elapsed = 00:00:00.06 . Memory (MB): peak = 2761.793 ; gain = 0.000 ; free physical = 344 ; free virtual = 25966
INFO: [Designutils 20-5008] Incremental synthesis strategy off
---------------------------------------------------------------------------------
Finished Constraint Validation : Time (s): cpu = 00:00:12 ; elapsed = 00:00:19 . Memory (MB): peak = 2761.793 ; gain = 646.285 ; free physical = 231 ; free virtual = 25744
---------------------------------------------------------------------------------
---------------------------------------------------------------------------------
Start Loading Part and Timing Information
---------------------------------------------------------------------------------
Loading part: xc7k325tffg900-2
---------------------------------------------------------------------------------
Finished Loading Part and Timing Information : Time (s): cpu = 00:00:12 ; elapsed = 00:00:19 . Memory (MB): peak = 2761.793 ; gain = 646.285 ; free physical = 222 ; free virtual = 25735
---------------------------------------------------------------------------------
---------------------------------------------------------------------------------
Start Applying 'set_property' XDC Constraints
---------------------------------------------------------------------------------
Applied set_property KEEP_HIERARCHY = SOFT for U0. (constraint file  /home/asanche4/Master/nanoupv2025/genesys_2_2024_1/genesys2_basic.runs/system_dlmb_bram_if_cntlr_0_synth_1/dont_touch.xdc, line 9).
---------------------------------------------------------------------------------
Finished applying 'set_property' XDC Constraints : Time (s): cpu = 00:00:12 ; elapsed = 00:00:19 . Memory (MB): peak = 2761.793 ; gain = 646.285 ; free physical = 247 ; free virtual = 25756
---------------------------------------------------------------------------------
---------------------------------------------------------------------------------
Finished RTL Optimization Phase 2 : Time (s): cpu = 00:00:12 ; elapsed = 00:00:19 . Memory (MB): peak = 2761.793 ; gain = 646.285 ; free physical = 231 ; free virtual = 25737
---------------------------------------------------------------------------------
---------------------------------------------------------------------------------
Start RTL Component Statistics 
---------------------------------------------------------------------------------
Detailed RTL Component Info : 
+---Registers : 
	                1 Bit    Registers := 2     
---------------------------------------------------------------------------------
Finished RTL Component Statistics 
---------------------------------------------------------------------------------
---------------------------------------------------------------------------------
Start Part Resource Summary
---------------------------------------------------------------------------------
Part Resources:
DSPs: 840 (col length:140)
BRAMs: 890 (col length: RAMB18 140 RAMB36 70)
---------------------------------------------------------------------------------
Finished Part Resource Summary
---------------------------------------------------------------------------------
---------------------------------------------------------------------------------
Start Cross Boundary and Area Optimization
---------------------------------------------------------------------------------
WARNING: [Synth 8-7080] Parallel synthesis criteria is not met
---------------------------------------------------------------------------------
Finished Cross Boundary and Area Optimization : Time (s): cpu = 00:00:13 ; elapsed = 00:00:20 . Memory (MB): peak = 2761.793 ; gain = 646.285 ; free physical = 238 ; free virtual = 25670
---------------------------------------------------------------------------------
---------------------------------------------------------------------------------
Start Applying XDC Timing Constraints
---------------------------------------------------------------------------------
---------------------------------------------------------------------------------
Finished Applying XDC Timing Constraints : Time (s): cpu = 00:00:19 ; elapsed = 00:00:27 . Memory (MB): peak = 2761.793 ; gain = 646.285 ; free physical = 294 ; free virtual = 25615
---------------------------------------------------------------------------------
---------------------------------------------------------------------------------
Start Timing Optimization
---------------------------------------------------------------------------------
---------------------------------------------------------------------------------
Finished Timing Optimization : Time (s): cpu = 00:00:19 ; elapsed = 00:00:27 . Memory (MB): peak = 2761.793 ; gain = 646.285 ; free physical = 294 ; free virtual = 25615
---------------------------------------------------------------------------------
---------------------------------------------------------------------------------
Start Technology Mapping
---------------------------------------------------------------------------------
---------------------------------------------------------------------------------
Finished Technology Mapping : Time (s): cpu = 00:00:19 ; elapsed = 00:00:27 . Memory (MB): peak = 2761.793 ; gain = 646.285 ; free physical = 288 ; free virtual = 25609
---------------------------------------------------------------------------------
---------------------------------------------------------------------------------
Start IO Insertion
---------------------------------------------------------------------------------
---------------------------------------------------------------------------------
Start Flattening Before IO Insertion
---------------------------------------------------------------------------------
---------------------------------------------------------------------------------
Finished Flattening Before IO Insertion
---------------------------------------------------------------------------------
---------------------------------------------------------------------------------
Start Final Netlist Cleanup
---------------------------------------------------------------------------------
---------------------------------------------------------------------------------
Finished Final Netlist Cleanup
---------------------------------------------------------------------------------
---------------------------------------------------------------------------------
Finished IO Insertion : Time (s): cpu = 00:00:22 ; elapsed = 00:00:31 . Memory (MB): peak = 2761.793 ; gain = 646.285 ; free physical = 287 ; free virtual = 25609
---------------------------------------------------------------------------------
---------------------------------------------------------------------------------
Start Renaming Generated Instances
---------------------------------------------------------------------------------
---------------------------------------------------------------------------------
Finished Renaming Generated Instances : Time (s): cpu = 00:00:22 ; elapsed = 00:00:31 . Memory (MB): peak = 2761.793 ; gain = 646.285 ; free physical = 287 ; free virtual = 25609
---------------------------------------------------------------------------------
---------------------------------------------------------------------------------
Start Rebuilding User Hierarchy
---------------------------------------------------------------------------------
---------------------------------------------------------------------------------
Finished Rebuilding User Hierarchy : Time (s): cpu = 00:00:22 ; elapsed = 00:00:31 . Memory (MB): peak = 2761.793 ; gain = 646.285 ; free physical = 287 ; free virtual = 25609
---------------------------------------------------------------------------------
---------------------------------------------------------------------------------
Start Renaming Generated Ports
---------------------------------------------------------------------------------
---------------------------------------------------------------------------------
Finished Renaming Generated Ports : Time (s): cpu = 00:00:22 ; elapsed = 00:00:31 . Memory (MB): peak = 2761.793 ; gain = 646.285 ; free physical = 286 ; free virtual = 25608
---------------------------------------------------------------------------------
---------------------------------------------------------------------------------
Start Handling Custom Attributes
---------------------------------------------------------------------------------
---------------------------------------------------------------------------------
Finished Handling Custom Attributes : Time (s): cpu = 00:00:22 ; elapsed = 00:00:31 . Memory (MB): peak = 2761.793 ; gain = 646.285 ; free physical = 285 ; free virtual = 25607
---------------------------------------------------------------------------------
---------------------------------------------------------------------------------
Start Renaming Generated Nets
---------------------------------------------------------------------------------
---------------------------------------------------------------------------------
Finished Renaming Generated Nets : Time (s): cpu = 00:00:22 ; elapsed = 00:00:31 . Memory (MB): peak = 2761.793 ; gain = 646.285 ; free physical = 284 ; free virtual = 25606
---------------------------------------------------------------------------------
---------------------------------------------------------------------------------
Start Writing Synthesis Report
---------------------------------------------------------------------------------

Report BlackBoxes: 
+-+--------------+----------+
| |BlackBox name |Instances |
+-+--------------+----------+
+-+--------------+----------+

Report Cell Usage: 
+------+-----+------+
|      |Cell |Count |
+------+-----+------+
|1     |LUT2 |     2|
|2     |LUT3 |     1|
|3     |LUT4 |     4|
|4     |FDRE |     2|
+------+-----+------+
---------------------------------------------------------------------------------
Finished Writing Synthesis Report : Time (s): cpu = 00:00:22 ; elapsed = 00:00:31 . Memory (MB): peak = 2761.793 ; gain = 646.285 ; free physical = 283 ; free virtual = 25605
---------------------------------------------------------------------------------
Synthesis finished with 0 errors, 0 critical warnings and 606 warnings.
Synthesis Optimization Runtime : Time (s): cpu = 00:00:21 ; elapsed = 00:00:27 . Memory (MB): peak = 2761.793 ; gain = 517.527 ; free physical = 289 ; free virtual = 25611
Synthesis Optimization Complete : Time (s): cpu = 00:00:23 ; elapsed = 00:00:31 . Memory (MB): peak = 2761.801 ; gain = 646.285 ; free physical = 287 ; free virtual = 25609
INFO: [Project 1-571] Translating synthesized netlist
Netlist sorting complete. Time (s): cpu = 00:00:00 ; elapsed = 00:00:00 . Memory (MB): peak = 2761.801 ; gain = 0.000 ; free physical = 291 ; free virtual = 25613
INFO: [Project 1-570] Preparing netlist for logic optimization
INFO: [Opt 31-138] Pushed 0 inverter(s) to 0 load pin(s).
Netlist sorting complete. Time (s): cpu = 00:00:00 ; elapsed = 00:00:00 . Memory (MB): peak = 2777.801 ; gain = 0.000 ; free physical = 1404 ; free virtual = 26729
INFO: [Project 1-111] Unisim Transformation Summary:
No Unisim elements were transformed.

Synth Design complete | Checksum: e06f2885
INFO: [Common 17-83] Releasing license: Synthesis
28 Infos, 101 Warnings, 0 Critical Warnings and 0 Errors encountered.
synth_design completed successfully
synth_design: Time (s): cpu = 00:00:32 ; elapsed = 00:00:45 . Memory (MB): peak = 2777.801 ; gain = 1059.121 ; free physical = 1405 ; free virtual = 26730
INFO: [Common 17-2834] synth_design peak Physical Memory [PSS] (MB): overall = 1855.738; main = 1520.980; forked = 345.877
INFO: [Common 17-2834] synth_design peak Virtual Memory [VSS] (MB): overall = 4474.668; main = 2777.805; forked = 1712.871
Write ShapeDB Complete: Time (s): cpu = 00:00:00 ; elapsed = 00:00:00 . Memory (MB): peak = 2801.812 ; gain = 0.000 ; free physical = 1404 ; free virtual = 26730
INFO: [Common 17-1381] The checkpoint '/home/asanche4/Master/nanoupv2025/genesys_2_2024_1/genesys2_basic.runs/system_dlmb_bram_if_cntlr_0_synth_1/system_dlmb_bram_if_cntlr_0.dcp' has been generated.
INFO: [Coretcl 2-1648] Added synthesis output to IP cache for IP system_dlmb_bram_if_cntlr_0, cache-ID = 094c8b0b10cc73ed
Write ShapeDB Complete: Time (s): cpu = 00:00:00 ; elapsed = 00:00:00.03 . Memory (MB): peak = 2801.812 ; gain = 0.000 ; free physical = 1378 ; free virtual = 26705
INFO: [Common 17-1381] The checkpoint '/home/asanche4/Master/nanoupv2025/genesys_2_2024_1/genesys2_basic.runs/system_dlmb_bram_if_cntlr_0_synth_1/system_dlmb_bram_if_cntlr_0.dcp' has been generated.
INFO: [Vivado 12-24828] Executing command : report_utilization -file system_dlmb_bram_if_cntlr_0_utilization_synth.rpt -pb system_dlmb_bram_if_cntlr_0_utilization_synth.pb
INFO: [Common 17-206] Exiting Vivado at Thu Jan 30 13:46:16 2025...

*** Running vivado
    with args -log system_dlmb_bram_if_cntlr_0.vds -m64 -product Vivado -mode batch -messageDb vivado.pb -notrace -source system_dlmb_bram_if_cntlr_0.tcl


****** Vivado v2024.1 (64-bit)
  **** SW Build 5076996 on Wed May 22 18:36:09 MDT 2024
  **** IP Build 5075265 on Wed May 22 21:45:21 MDT 2024
  **** SharedData Build 5076995 on Wed May 22 18:29:18 MDT 2024
  **** Start of session at: Thu Jan 30 14:06:32 2025
    ** Copyright 1986-2022 Xilinx, Inc. All Rights Reserved.
    ** Copyright 2022-2024 Advanced Micro Devices, Inc. All Rights Reserved.

source system_dlmb_bram_if_cntlr_0.tcl -notrace
create_project: Time (s): cpu = 00:00:06 ; elapsed = 00:00:11 . Memory (MB): peak = 1698.930 ; gain = 145.828 ; free physical = 11272 ; free virtual = 30776
INFO: [IP_Flow 19-6924] IPCACHE: Running cache check for IP inst: system_dlmb_bram_if_cntlr_0
Command: synth_design -top system_dlmb_bram_if_cntlr_0 -part xc7k325tffg900-2 -incremental_mode off -mode out_of_context
Starting synth_design
Attempting to get a license for feature 'Synthesis' and/or device 'xc7k325t'
INFO: [Common 17-349] Got license for feature 'Synthesis' and/or device 'xc7k325t'
INFO: [Common 17-1540] The version limit for your license is '2024.06' and has expired for new software. A version limit expiration means that, although you may be able to continue to use the current version of tools or IP with this license, you will not be eligible for new releases.
INFO: [Device 21-403] Loading part xc7k325tffg900-2
INFO: [Device 21-9227] Part: xc7k325tffg900-2 does not have CEAM library.
INFO: [Synth 8-7079] Multithreading enabled for synth_design using a maximum of 4 processes.
INFO: [Synth 8-7078] Launching helper process for spawning children vivado processes
INFO: [Synth 8-7075] Helper process launched with PID 1529534
---------------------------------------------------------------------------------
Starting RTL Elaboration : Time (s): cpu = 00:00:04 ; elapsed = 00:00:12 . Memory (MB): peak = 2535.348 ; gain = 420.715 ; free physical = 2458 ; free virtual = 22024
---------------------------------------------------------------------------------
INFO: [Synth 8-638] synthesizing module 'system_dlmb_bram_if_cntlr_0' [/home/asanche4/Master/nanoupv2025/genesys_2_2024_1/genesys2_basic.gen/sources_1/bd/system/ip/system_dlmb_bram_if_cntlr_0/synth/system_dlmb_bram_if_cntlr_0.vhd:84]
	Parameter C_FAMILY bound to: kintex7 - type: string 
	Parameter C_HIGHADDR bound to: 64'b0000000000000000000000000000000000000000000000000001111111111111 
	Parameter C_BASEADDR bound to: 64'b0000000000000000000000000000000000000000000000000000000000000000 
	Parameter C_NUM_LMB bound to: 1 - type: integer 
	Parameter C_MASK bound to: 64'b0000000000000000000000000000000011000000000000000000000000000000 
	Parameter C_MASK1 bound to: 64'b0000000000000000000000000000000000000000100000000000000000000000 
	Parameter C_MASK2 bound to: 64'b0000000000000000000000000000000000000000100000000000000000000000 
	Parameter C_MASK3 bound to: 64'b0000000000000000000000000000000000000000100000000000000000000000 
	Parameter C_MASK4 bound to: 64'b0000000000000000000000000000000000000000100000000000000000000000 
	Parameter C_MASK5 bound to: 64'b0000000000000000000000000000000000000000100000000000000000000000 
	Parameter C_MASK6 bound to: 64'b0000000000000000000000000000000000000000100000000000000000000000 
	Parameter C_MASK7 bound to: 64'b0000000000000000000000000000000000000000100000000000000000000000 
	Parameter C_LMB_AWIDTH bound to: 32 - type: integer 
	Parameter C_LMB_DWIDTH bound to: 32 - type: integer 
	Parameter C_LMB_PROTOCOL bound to: 0 - type: integer 
	Parameter C_ARBITRATION bound to: 0 - type: integer 
	Parameter C_ECC bound to: 0 - type: integer 
	Parameter C_INTERCONNECT bound to: 0 - type: integer 
	Parameter C_FAULT_INJECT bound to: 0 - type: integer 
	Parameter C_CE_FAILING_REGISTERS bound to: 0 - type: integer 
	Parameter C_UE_FAILING_REGISTERS bound to: 0 - type: integer 
	Parameter C_ECC_STATUS_REGISTERS bound to: 0 - type: integer 
	Parameter C_ECC_ONOFF_REGISTER bound to: 0 - type: integer 
	Parameter C_ECC_ONOFF_RESET_VALUE bound to: 1 - type: integer 
	Parameter C_CE_COUNTER_WIDTH bound to: 0 - type: integer 
	Parameter C_WRITE_ACCESS bound to: 2 - type: integer 
	Parameter C_BRAM_AWIDTH bound to: 32 - type: integer 
	Parameter C_S_AXI_CTRL_ADDR_WIDTH bound to: 32 - type: integer 
	Parameter C_S_AXI_CTRL_DATA_WIDTH bound to: 32 - type: integer 
INFO: [Synth 8-3491] module 'lmb_bram_if_cntlr' declared at '/home/asanche4/Master/nanoupv2025/genesys_2_2024_1/genesys2_basic.gen/sources_1/bd/system/ipshared/3eb2/hdl/lmb_bram_if_cntlr_v4_0_vh_rfs.vhd:5037' bound to instance 'U0' of component 'lmb_bram_if_cntlr' [/home/asanche4/Master/nanoupv2025/genesys_2_2024_1/genesys2_basic.gen/sources_1/bd/system/ip/system_dlmb_bram_if_cntlr_0/synth/system_dlmb_bram_if_cntlr_0.vhd:275]
INFO: [Synth 8-638] synthesizing module 'lmb_bram_if_cntlr' [/home/asanche4/Master/nanoupv2025/genesys_2_2024_1/genesys2_basic.gen/sources_1/bd/system/ipshared/3eb2/hdl/lmb_bram_if_cntlr_v4_0_vh_rfs.vhd:5219]
	Parameter C_TARGET bound to: 1 - type: integer 
	Parameter C_BASEADDR bound to: 64'b0000000000000000000000000000000000000000000000000000000000000000 
	Parameter C_MASK bound to: 64'b0000000000000000000000000000000011000000000000000000000000000000 
	Parameter C_MASK1 bound to: 64'b0000000000000000000000000000000000000000100000000000000000000000 
	Parameter C_MASK2 bound to: 64'b0000000000000000000000000000000000000000100000000000000000000000 
	Parameter C_MASK3 bound to: 64'b0000000000000000000000000000000000000000100000000000000000000000 
	Parameter C_MASK4 bound to: 64'b0000000000000000000000000000000000000000100000000000000000000000 
	Parameter C_MASK5 bound to: 64'b0000000000000000000000000000000000000000100000000000000000000000 
	Parameter C_MASK6 bound to: 64'b0000000000000000000000000000000000000000100000000000000000000000 
	Parameter C_MASK7 bound to: 64'b0000000000000000000000000000000000000000100000000000000000000000 
	Parameter C_LMB_AWIDTH bound to: 32 - type: integer 
	Parameter C_LMB_DWIDTH bound to: 32 - type: integer 
	Parameter C_ECC_WIDTH bound to: 7 - type: integer 
	Parameter C_ECC bound to: 0 - type: integer 
	Parameter C_NUM_LMB bound to: 1 - type: integer 
	Parameter C_LMB_PROTOCOL bound to: 0 - type: integer 
	Parameter C_ARBITRATION bound to: 0 - type: integer 
INFO: [Synth 8-3491] module 'lmb_mux' declared at '/home/asanche4/Master/nanoupv2025/genesys_2_2024_1/genesys2_basic.gen/sources_1/bd/system/ipshared/3eb2/hdl/lmb_bram_if_cntlr_v4_0_vh_rfs.vhd:4143' bound to instance 'lmb_mux_I' of component 'lmb_mux' [/home/asanche4/Master/nanoupv2025/genesys_2_2024_1/genesys2_basic.gen/sources_1/bd/system/ipshared/3eb2/hdl/lmb_bram_if_cntlr_v4_0_vh_rfs.vhd:5545]
INFO: [Synth 8-638] synthesizing module 'lmb_mux' [/home/asanche4/Master/nanoupv2025/genesys_2_2024_1/genesys2_basic.gen/sources_1/bd/system/ipshared/3eb2/hdl/lmb_bram_if_cntlr_v4_0_vh_rfs.vhd:4288]
	Parameter C_AW bound to: 32 - type: integer 
	Parameter C_BAR bound to: 64'b0000000000000000000000000000000000000000000000000000000000000000 
	Parameter C_MASK bound to: 64'b0000000000000000000000000000000011000000000000000000000000000000 
INFO: [Synth 8-3491] module 'pselect_mask' declared at '/home/asanche4/Master/nanoupv2025/genesys_2_2024_1/genesys2_basic.gen/sources_1/bd/system/ipshared/3eb2/hdl/lmb_bram_if_cntlr_v4_0_vh_rfs.vhd:3467' bound to instance 'pselect_mask_lmb' of component 'pselect_mask' [/home/asanche4/Master/nanoupv2025/genesys_2_2024_1/genesys2_basic.gen/sources_1/bd/system/ipshared/3eb2/hdl/lmb_bram_if_cntlr_v4_0_vh_rfs.vhd:4401]
INFO: [Synth 8-638] synthesizing module 'pselect_mask' [/home/asanche4/Master/nanoupv2025/genesys_2_2024_1/genesys2_basic.gen/sources_1/bd/system/ipshared/3eb2/hdl/lmb_bram_if_cntlr_v4_0_vh_rfs.vhd:3482]
INFO: [Synth 8-256] done synthesizing module 'pselect_mask' (0#1) [/home/asanche4/Master/nanoupv2025/genesys_2_2024_1/genesys2_basic.gen/sources_1/bd/system/ipshared/3eb2/hdl/lmb_bram_if_cntlr_v4_0_vh_rfs.vhd:3482]
INFO: [Synth 8-256] done synthesizing module 'lmb_mux' (0#1) [/home/asanche4/Master/nanoupv2025/genesys_2_2024_1/genesys2_basic.gen/sources_1/bd/system/ipshared/3eb2/hdl/lmb_bram_if_cntlr_v4_0_vh_rfs.vhd:4288]
INFO: [Synth 8-256] done synthesizing module 'lmb_bram_if_cntlr' (0#1) [/home/asanche4/Master/nanoupv2025/genesys_2_2024_1/genesys2_basic.gen/sources_1/bd/system/ipshared/3eb2/hdl/lmb_bram_if_cntlr_v4_0_vh_rfs.vhd:5219]
INFO: [Synth 8-256] done synthesizing module 'system_dlmb_bram_if_cntlr_0' (0#1) [/home/asanche4/Master/nanoupv2025/genesys_2_2024_1/genesys2_basic.gen/sources_1/bd/system/ip/system_dlmb_bram_if_cntlr_0/synth/system_dlmb_bram_if_cntlr_0.vhd:84]
WARNING: [Synth 8-7129] Port A[2] in module pselect_mask is either unconnected or has no load
WARNING: [Synth 8-7129] Port A[3] in module pselect_mask is either unconnected or has no load
WARNING: [Synth 8-7129] Port A[4] in module pselect_mask is either unconnected or has no load
WARNING: [Synth 8-7129] Port A[5] in module pselect_mask is either unconnected or has no load
WARNING: [Synth 8-7129] Port A[6] in module pselect_mask is either unconnected or has no load
WARNING: [Synth 8-7129] Port A[7] in module pselect_mask is either unconnected or has no load
WARNING: [Synth 8-7129] Port A[8] in module pselect_mask is either unconnected or has no load
WARNING: [Synth 8-7129] Port A[9] in module pselect_mask is either unconnected or has no load
WARNING: [Synth 8-7129] Port A[10] in module pselect_mask is either unconnected or has no load
WARNING: [Synth 8-7129] Port A[11] in module pselect_mask is either unconnected or has no load
WARNING: [Synth 8-7129] Port A[12] in module pselect_mask is either unconnected or has no load
WARNING: [Synth 8-7129] Port A[13] in module pselect_mask is either unconnected or has no load
WARNING: [Synth 8-7129] Port A[14] in module pselect_mask is either unconnected or has no load
WARNING: [Synth 8-7129] Port A[15] in module pselect_mask is either unconnected or has no load
WARNING: [Synth 8-7129] Port A[16] in module pselect_mask is either unconnected or has no load
WARNING: [Synth 8-7129] Port A[17] in module pselect_mask is either unconnected or has no load
WARNING: [Synth 8-7129] Port A[18] in module pselect_mask is either unconnected or has no load
WARNING: [Synth 8-7129] Port A[19] in module pselect_mask is either unconnected or has no load
WARNING: [Synth 8-7129] Port A[20] in module pselect_mask is either unconnected or has no load
WARNING: [Synth 8-7129] Port A[21] in module pselect_mask is either unconnected or has no load
WARNING: [Synth 8-7129] Port A[22] in module pselect_mask is either unconnected or has no load
WARNING: [Synth 8-7129] Port A[23] in module pselect_mask is either unconnected or has no load
WARNING: [Synth 8-7129] Port A[24] in module pselect_mask is either unconnected or has no load
WARNING: [Synth 8-7129] Port A[25] in module pselect_mask is either unconnected or has no load
WARNING: [Synth 8-7129] Port A[26] in module pselect_mask is either unconnected or has no load
WARNING: [Synth 8-7129] Port A[27] in module pselect_mask is either unconnected or has no load
WARNING: [Synth 8-7129] Port A[28] in module pselect_mask is either unconnected or has no load
WARNING: [Synth 8-7129] Port A[29] in module pselect_mask is either unconnected or has no load
WARNING: [Synth 8-7129] Port A[30] in module pselect_mask is either unconnected or has no load
WARNING: [Synth 8-7129] Port A[31] in module pselect_mask is either unconnected or has no load
WARNING: [Synth 8-7129] Port LMB_Clk in module lmb_mux is either unconnected or has no load
WARNING: [Synth 8-7129] Port LMB_Rst in module lmb_mux is either unconnected or has no load
WARNING: [Synth 8-7129] Port LMB1_ABus[0] in module lmb_mux is either unconnected or has no load
WARNING: [Synth 8-7129] Port LMB1_ABus[1] in module lmb_mux is either unconnected or has no load
WARNING: [Synth 8-7129] Port LMB1_ABus[2] in module lmb_mux is either unconnected or has no load
WARNING: [Synth 8-7129] Port LMB1_ABus[3] in module lmb_mux is either unconnected or has no load
WARNING: [Synth 8-7129] Port LMB1_ABus[4] in module lmb_mux is either unconnected or has no load
WARNING: [Synth 8-7129] Port LMB1_ABus[5] in module lmb_mux is either unconnected or has no load
WARNING: [Synth 8-7129] Port LMB1_ABus[6] in module lmb_mux is either unconnected or has no load
WARNING: [Synth 8-7129] Port LMB1_ABus[7] in module lmb_mux is either unconnected or has no load
WARNING: [Synth 8-7129] Port LMB1_ABus[8] in module lmb_mux is either unconnected or has no load
WARNING: [Synth 8-7129] Port LMB1_ABus[9] in module lmb_mux is either unconnected or has no load
WARNING: [Synth 8-7129] Port LMB1_ABus[10] in module lmb_mux is either unconnected or has no load
WARNING: [Synth 8-7129] Port LMB1_ABus[11] in module lmb_mux is either unconnected or has no load
WARNING: [Synth 8-7129] Port LMB1_ABus[12] in module lmb_mux is either unconnected or has no load
WARNING: [Synth 8-7129] Port LMB1_ABus[13] in module lmb_mux is either unconnected or has no load
WARNING: [Synth 8-7129] Port LMB1_ABus[14] in module lmb_mux is either unconnected or has no load
WARNING: [Synth 8-7129] Port LMB1_ABus[15] in module lmb_mux is either unconnected or has no load
WARNING: [Synth 8-7129] Port LMB1_ABus[16] in module lmb_mux is either unconnected or has no load
WARNING: [Synth 8-7129] Port LMB1_ABus[17] in module lmb_mux is either unconnected or has no load
WARNING: [Synth 8-7129] Port LMB1_ABus[18] in module lmb_mux is either unconnected or has no load
WARNING: [Synth 8-7129] Port LMB1_ABus[19] in module lmb_mux is either unconnected or has no load
WARNING: [Synth 8-7129] Port LMB1_ABus[20] in module lmb_mux is either unconnected or has no load
WARNING: [Synth 8-7129] Port LMB1_ABus[21] in module lmb_mux is either unconnected or has no load
WARNING: [Synth 8-7129] Port LMB1_ABus[22] in module lmb_mux is either unconnected or has no load
WARNING: [Synth 8-7129] Port LMB1_ABus[23] in module lmb_mux is either unconnected or has no load
WARNING: [Synth 8-7129] Port LMB1_ABus[24] in module lmb_mux is either unconnected or has no load
WARNING: [Synth 8-7129] Port LMB1_ABus[25] in module lmb_mux is either unconnected or has no load
WARNING: [Synth 8-7129] Port LMB1_ABus[26] in module lmb_mux is either unconnected or has no load
WARNING: [Synth 8-7129] Port LMB1_ABus[27] in module lmb_mux is either unconnected or has no load
WARNING: [Synth 8-7129] Port LMB1_ABus[28] in module lmb_mux is either unconnected or has no load
WARNING: [Synth 8-7129] Port LMB1_ABus[29] in module lmb_mux is either unconnected or has no load
WARNING: [Synth 8-7129] Port LMB1_ABus[30] in module lmb_mux is either unconnected or has no load
WARNING: [Synth 8-7129] Port LMB1_ABus[31] in module lmb_mux is either unconnected or has no load
WARNING: [Synth 8-7129] Port LMB1_WriteDBus[0] in module lmb_mux is either unconnected or has no load
WARNING: [Synth 8-7129] Port LMB1_WriteDBus[1] in module lmb_mux is either unconnected or has no load
WARNING: [Synth 8-7129] Port LMB1_WriteDBus[2] in module lmb_mux is either unconnected or has no load
WARNING: [Synth 8-7129] Port LMB1_WriteDBus[3] in module lmb_mux is either unconnected or has no load
WARNING: [Synth 8-7129] Port LMB1_WriteDBus[4] in module lmb_mux is either unconnected or has no load
WARNING: [Synth 8-7129] Port LMB1_WriteDBus[5] in module lmb_mux is either unconnected or has no load
WARNING: [Synth 8-7129] Port LMB1_WriteDBus[6] in module lmb_mux is either unconnected or has no load
WARNING: [Synth 8-7129] Port LMB1_WriteDBus[7] in module lmb_mux is either unconnected or has no load
WARNING: [Synth 8-7129] Port LMB1_WriteDBus[8] in module lmb_mux is either unconnected or has no load
WARNING: [Synth 8-7129] Port LMB1_WriteDBus[9] in module lmb_mux is either unconnected or has no load
WARNING: [Synth 8-7129] Port LMB1_WriteDBus[10] in module lmb_mux is either unconnected or has no load
WARNING: [Synth 8-7129] Port LMB1_WriteDBus[11] in module lmb_mux is either unconnected or has no load
WARNING: [Synth 8-7129] Port LMB1_WriteDBus[12] in module lmb_mux is either unconnected or has no load
WARNING: [Synth 8-7129] Port LMB1_WriteDBus[13] in module lmb_mux is either unconnected or has no load
WARNING: [Synth 8-7129] Port LMB1_WriteDBus[14] in module lmb_mux is either unconnected or has no load
WARNING: [Synth 8-7129] Port LMB1_WriteDBus[15] in module lmb_mux is either unconnected or has no load
WARNING: [Synth 8-7129] Port LMB1_WriteDBus[16] in module lmb_mux is either unconnected or has no load
WARNING: [Synth 8-7129] Port LMB1_WriteDBus[17] in module lmb_mux is either unconnected or has no load
WARNING: [Synth 8-7129] Port LMB1_WriteDBus[18] in module lmb_mux is either unconnected or has no load
WARNING: [Synth 8-7129] Port LMB1_WriteDBus[19] in module lmb_mux is either unconnected or has no load
WARNING: [Synth 8-7129] Port LMB1_WriteDBus[20] in module lmb_mux is either unconnected or has no load
WARNING: [Synth 8-7129] Port LMB1_WriteDBus[21] in module lmb_mux is either unconnected or has no load
WARNING: [Synth 8-7129] Port LMB1_WriteDBus[22] in module lmb_mux is either unconnected or has no load
WARNING: [Synth 8-7129] Port LMB1_WriteDBus[23] in module lmb_mux is either unconnected or has no load
WARNING: [Synth 8-7129] Port LMB1_WriteDBus[24] in module lmb_mux is either unconnected or has no load
WARNING: [Synth 8-7129] Port LMB1_WriteDBus[25] in module lmb_mux is either unconnected or has no load
WARNING: [Synth 8-7129] Port LMB1_WriteDBus[26] in module lmb_mux is either unconnected or has no load
WARNING: [Synth 8-7129] Port LMB1_WriteDBus[27] in module lmb_mux is either unconnected or has no load
WARNING: [Synth 8-7129] Port LMB1_WriteDBus[28] in module lmb_mux is either unconnected or has no load
WARNING: [Synth 8-7129] Port LMB1_WriteDBus[29] in module lmb_mux is either unconnected or has no load
WARNING: [Synth 8-7129] Port LMB1_WriteDBus[30] in module lmb_mux is either unconnected or has no load
WARNING: [Synth 8-7129] Port LMB1_WriteDBus[31] in module lmb_mux is either unconnected or has no load
WARNING: [Synth 8-7129] Port LMB1_AddrStrobe in module lmb_mux is either unconnected or has no load
WARNING: [Synth 8-7129] Port LMB1_ReadStrobe in module lmb_mux is either unconnected or has no load
WARNING: [Synth 8-7129] Port LMB1_WriteStrobe in module lmb_mux is either unconnected or has no load
WARNING: [Synth 8-7129] Port LMB1_BE[0] in module lmb_mux is either unconnected or has no load
INFO: [Common 17-14] Message 'Synth 8-7129' appears 100 times and further instances of the messages will be disabled. Use the Tcl command set_msg_config to change the current settings.
---------------------------------------------------------------------------------
Finished RTL Elaboration : Time (s): cpu = 00:00:06 ; elapsed = 00:00:17 . Memory (MB): peak = 2618.316 ; gain = 503.684 ; free physical = 1596 ; free virtual = 21165
---------------------------------------------------------------------------------
---------------------------------------------------------------------------------
Start Handling Custom Attributes
---------------------------------------------------------------------------------
---------------------------------------------------------------------------------
Finished Handling Custom Attributes : Time (s): cpu = 00:00:06 ; elapsed = 00:00:17 . Memory (MB): peak = 2633.160 ; gain = 518.527 ; free physical = 1495 ; free virtual = 21064
---------------------------------------------------------------------------------
---------------------------------------------------------------------------------
Finished RTL Optimization Phase 1 : Time (s): cpu = 00:00:06 ; elapsed = 00:00:17 . Memory (MB): peak = 2633.160 ; gain = 518.527 ; free physical = 1494 ; free virtual = 21064
---------------------------------------------------------------------------------
Netlist sorting complete. Time (s): cpu = 00:00:00 ; elapsed = 00:00:00.01 . Memory (MB): peak = 2633.160 ; gain = 0.000 ; free physical = 1481 ; free virtual = 21050
INFO: [Project 1-570] Preparing netlist for logic optimization

Processing XDC Constraints
Initializing timing engine
Parsing XDC File [/home/asanche4/Master/nanoupv2025/genesys_2_2024_1/genesys2_basic.gen/sources_1/bd/system/ip/system_dlmb_bram_if_cntlr_0/system_dlmb_bram_if_cntlr_0_ooc.xdc] for cell 'U0'
Finished Parsing XDC File [/home/asanche4/Master/nanoupv2025/genesys_2_2024_1/genesys2_basic.gen/sources_1/bd/system/ip/system_dlmb_bram_if_cntlr_0/system_dlmb_bram_if_cntlr_0_ooc.xdc] for cell 'U0'
Parsing XDC File [/home/asanche4/Master/nanoupv2025/genesys_2_2024_1/genesys2_basic.runs/system_dlmb_bram_if_cntlr_0_synth_1/dont_touch.xdc]
Finished Parsing XDC File [/home/asanche4/Master/nanoupv2025/genesys_2_2024_1/genesys2_basic.runs/system_dlmb_bram_if_cntlr_0_synth_1/dont_touch.xdc]
Completed Processing XDC Constraints

Netlist sorting complete. Time (s): cpu = 00:00:00 ; elapsed = 00:00:00 . Memory (MB): peak = 2763.918 ; gain = 0.000 ; free physical = 560 ; free virtual = 20139
INFO: [Project 1-111] Unisim Transformation Summary:
No Unisim elements were transformed.

Constraint Validation Runtime : Time (s): cpu = 00:00:00.02 ; elapsed = 00:00:00.26 . Memory (MB): peak = 2763.918 ; gain = 0.000 ; free physical = 552 ; free virtual = 20130
INFO: [Designutils 20-5008] Incremental synthesis strategy off
---------------------------------------------------------------------------------
Finished Constraint Validation : Time (s): cpu = 00:00:12 ; elapsed = 00:00:34 . Memory (MB): peak = 2763.918 ; gain = 649.285 ; free physical = 232 ; free virtual = 19097
---------------------------------------------------------------------------------
---------------------------------------------------------------------------------
Start Loading Part and Timing Information
---------------------------------------------------------------------------------
Loading part: xc7k325tffg900-2
---------------------------------------------------------------------------------
Finished Loading Part and Timing Information : Time (s): cpu = 00:00:12 ; elapsed = 00:00:34 . Memory (MB): peak = 2763.918 ; gain = 649.285 ; free physical = 230 ; free virtual = 19094
---------------------------------------------------------------------------------
---------------------------------------------------------------------------------
Start Applying 'set_property' XDC Constraints
---------------------------------------------------------------------------------
Applied set_property KEEP_HIERARCHY = SOFT for U0. (constraint file  /home/asanche4/Master/nanoupv2025/genesys_2_2024_1/genesys2_basic.runs/system_dlmb_bram_if_cntlr_0_synth_1/dont_touch.xdc, line 9).
---------------------------------------------------------------------------------
Finished applying 'set_property' XDC Constraints : Time (s): cpu = 00:00:12 ; elapsed = 00:00:34 . Memory (MB): peak = 2763.918 ; gain = 649.285 ; free physical = 305 ; free virtual = 19105
---------------------------------------------------------------------------------
---------------------------------------------------------------------------------
Finished RTL Optimization Phase 2 : Time (s): cpu = 00:00:12 ; elapsed = 00:00:35 . Memory (MB): peak = 2763.918 ; gain = 649.285 ; free physical = 332 ; free virtual = 19136
---------------------------------------------------------------------------------
---------------------------------------------------------------------------------
Start RTL Component Statistics 
---------------------------------------------------------------------------------
Detailed RTL Component Info : 
+---Registers : 
	                1 Bit    Registers := 2     
---------------------------------------------------------------------------------
Finished RTL Component Statistics 
---------------------------------------------------------------------------------
---------------------------------------------------------------------------------
Start Part Resource Summary
---------------------------------------------------------------------------------
Part Resources:
DSPs: 840 (col length:140)
BRAMs: 890 (col length: RAMB18 140 RAMB36 70)
---------------------------------------------------------------------------------
Finished Part Resource Summary
---------------------------------------------------------------------------------
---------------------------------------------------------------------------------
Start Cross Boundary and Area Optimization
---------------------------------------------------------------------------------
WARNING: [Synth 8-7080] Parallel synthesis criteria is not met
---------------------------------------------------------------------------------
Finished Cross Boundary and Area Optimization : Time (s): cpu = 00:00:13 ; elapsed = 00:00:37 . Memory (MB): peak = 2763.918 ; gain = 649.285 ; free physical = 324 ; free virtual = 19170
---------------------------------------------------------------------------------
---------------------------------------------------------------------------------
Start Applying XDC Timing Constraints
---------------------------------------------------------------------------------
---------------------------------------------------------------------------------
Finished Applying XDC Timing Constraints : Time (s): cpu = 00:00:19 ; elapsed = 00:00:48 . Memory (MB): peak = 2763.918 ; gain = 649.285 ; free physical = 373 ; free virtual = 18654
---------------------------------------------------------------------------------
---------------------------------------------------------------------------------
Start Timing Optimization
---------------------------------------------------------------------------------
---------------------------------------------------------------------------------
Finished Timing Optimization : Time (s): cpu = 00:00:19 ; elapsed = 00:00:48 . Memory (MB): peak = 2763.918 ; gain = 649.285 ; free physical = 372 ; free virtual = 18653
---------------------------------------------------------------------------------
---------------------------------------------------------------------------------
Start Technology Mapping
---------------------------------------------------------------------------------
---------------------------------------------------------------------------------
Finished Technology Mapping : Time (s): cpu = 00:00:19 ; elapsed = 00:00:48 . Memory (MB): peak = 2763.918 ; gain = 649.285 ; free physical = 362 ; free virtual = 18643
---------------------------------------------------------------------------------
---------------------------------------------------------------------------------
Start IO Insertion
---------------------------------------------------------------------------------
---------------------------------------------------------------------------------
Start Flattening Before IO Insertion
---------------------------------------------------------------------------------
---------------------------------------------------------------------------------
Finished Flattening Before IO Insertion
---------------------------------------------------------------------------------
---------------------------------------------------------------------------------
Start Final Netlist Cleanup
---------------------------------------------------------------------------------
---------------------------------------------------------------------------------
Finished Final Netlist Cleanup
---------------------------------------------------------------------------------
---------------------------------------------------------------------------------
Finished IO Insertion : Time (s): cpu = 00:00:23 ; elapsed = 00:00:54 . Memory (MB): peak = 2763.918 ; gain = 649.285 ; free physical = 509 ; free virtual = 18487
---------------------------------------------------------------------------------
---------------------------------------------------------------------------------
Start Renaming Generated Instances
---------------------------------------------------------------------------------
---------------------------------------------------------------------------------
Finished Renaming Generated Instances : Time (s): cpu = 00:00:23 ; elapsed = 00:00:54 . Memory (MB): peak = 2763.918 ; gain = 649.285 ; free physical = 509 ; free virtual = 18487
---------------------------------------------------------------------------------
---------------------------------------------------------------------------------
Start Rebuilding User Hierarchy
---------------------------------------------------------------------------------
---------------------------------------------------------------------------------
Finished Rebuilding User Hierarchy : Time (s): cpu = 00:00:23 ; elapsed = 00:00:54 . Memory (MB): peak = 2763.918 ; gain = 649.285 ; free physical = 511 ; free virtual = 18489
---------------------------------------------------------------------------------
---------------------------------------------------------------------------------
Start Renaming Generated Ports
---------------------------------------------------------------------------------
---------------------------------------------------------------------------------
Finished Renaming Generated Ports : Time (s): cpu = 00:00:23 ; elapsed = 00:00:54 . Memory (MB): peak = 2763.918 ; gain = 649.285 ; free physical = 511 ; free virtual = 18489
---------------------------------------------------------------------------------
---------------------------------------------------------------------------------
Start Handling Custom Attributes
---------------------------------------------------------------------------------
---------------------------------------------------------------------------------
Finished Handling Custom Attributes : Time (s): cpu = 00:00:23 ; elapsed = 00:00:54 . Memory (MB): peak = 2763.918 ; gain = 649.285 ; free physical = 510 ; free virtual = 18488
---------------------------------------------------------------------------------
---------------------------------------------------------------------------------
Start Renaming Generated Nets
---------------------------------------------------------------------------------
---------------------------------------------------------------------------------
Finished Renaming Generated Nets : Time (s): cpu = 00:00:23 ; elapsed = 00:00:54 . Memory (MB): peak = 2763.918 ; gain = 649.285 ; free physical = 510 ; free virtual = 18488
---------------------------------------------------------------------------------
---------------------------------------------------------------------------------
Start Writing Synthesis Report
---------------------------------------------------------------------------------

Report BlackBoxes: 
+-+--------------+----------+
| |BlackBox name |Instances |
+-+--------------+----------+
+-+--------------+----------+

Report Cell Usage: 
+------+-----+------+
|      |Cell |Count |
+------+-----+------+
|1     |LUT2 |     2|
|2     |LUT3 |     1|
|3     |LUT4 |     4|
|4     |FDRE |     2|
+------+-----+------+
---------------------------------------------------------------------------------
Finished Writing Synthesis Report : Time (s): cpu = 00:00:23 ; elapsed = 00:00:54 . Memory (MB): peak = 2763.918 ; gain = 649.285 ; free physical = 510 ; free virtual = 18488
---------------------------------------------------------------------------------
Synthesis finished with 0 errors, 0 critical warnings and 606 warnings.
Synthesis Optimization Runtime : Time (s): cpu = 00:00:21 ; elapsed = 00:00:49 . Memory (MB): peak = 2763.918 ; gain = 518.527 ; free physical = 510 ; free virtual = 18488
Synthesis Optimization Complete : Time (s): cpu = 00:00:23 ; elapsed = 00:00:54 . Memory (MB): peak = 2763.926 ; gain = 649.285 ; free physical = 506 ; free virtual = 18484
INFO: [Project 1-571] Translating synthesized netlist
Netlist sorting complete. Time (s): cpu = 00:00:00.01 ; elapsed = 00:00:00 . Memory (MB): peak = 2763.926 ; gain = 0.000 ; free physical = 808 ; free virtual = 18786
INFO: [Project 1-570] Preparing netlist for logic optimization
INFO: [Opt 31-138] Pushed 0 inverter(s) to 0 load pin(s).
Netlist sorting complete. Time (s): cpu = 00:00:00 ; elapsed = 00:00:00 . Memory (MB): peak = 2779.926 ; gain = 0.000 ; free physical = 881 ; free virtual = 18861
INFO: [Project 1-111] Unisim Transformation Summary:
No Unisim elements were transformed.

Synth Design complete | Checksum: e06f2885
INFO: [Common 17-83] Releasing license: Synthesis
28 Infos, 101 Warnings, 0 Critical Warnings and 0 Errors encountered.
synth_design completed successfully
synth_design: Time (s): cpu = 00:00:33 ; elapsed = 00:01:13 . Memory (MB): peak = 2779.926 ; gain = 1061.184 ; free physical = 876 ; free virtual = 18856
INFO: [Common 17-2834] synth_design peak Physical Memory [PSS] (MB): overall = 1816.178; main = 1491.562; forked = 325.325
INFO: [Common 17-2834] synth_design peak Virtual Memory [VSS] (MB): overall = 4432.191; main = 2779.930; forked = 1668.270
Write ShapeDB Complete: Time (s): cpu = 00:00:00 ; elapsed = 00:00:00.03 . Memory (MB): peak = 2803.938 ; gain = 0.000 ; free physical = 835 ; free virtual = 18816
INFO: [Common 17-1381] The checkpoint '/home/asanche4/Master/nanoupv2025/genesys_2_2024_1/genesys2_basic.runs/system_dlmb_bram_if_cntlr_0_synth_1/system_dlmb_bram_if_cntlr_0.dcp' has been generated.
INFO: [Coretcl 2-1648] Added synthesis output to IP cache for IP system_dlmb_bram_if_cntlr_0, cache-ID = 3dbb68a42750c654
Write ShapeDB Complete: Time (s): cpu = 00:00:00.01 ; elapsed = 00:00:00.03 . Memory (MB): peak = 2803.938 ; gain = 0.000 ; free physical = 4276 ; free virtual = 22254
INFO: [Common 17-1381] The checkpoint '/home/asanche4/Master/nanoupv2025/genesys_2_2024_1/genesys2_basic.runs/system_dlmb_bram_if_cntlr_0_synth_1/system_dlmb_bram_if_cntlr_0.dcp' has been generated.
INFO: [Vivado 12-24828] Executing command : report_utilization -file system_dlmb_bram_if_cntlr_0_utilization_synth.rpt -pb system_dlmb_bram_if_cntlr_0_utilization_synth.pb
INFO: [Common 17-206] Exiting Vivado at Thu Jan 30 14:08:43 2025...
